  [1m[35m (105.8ms)[0m  [1m[35mCREATE TABLE "schema_migrations" ("version" varchar NOT NULL PRIMARY KEY)[0m
  [1m[35m (94.8ms)[0m  [1m[35mCREATE TABLE "ar_internal_metadata" ("key" varchar NOT NULL PRIMARY KEY, "value" varchar, "created_at" datetime NOT NULL, "updated_at" datetime NOT NULL)[0m
  [1m[36mActiveRecord::SchemaMigration Load (0.1ms)[0m  [1m[34mSELECT "schema_migrations".* FROM "schema_migrations"[0m
Migrating to CreateUsers (20170315164256)
  [1m[35m (0.1ms)[0m  [1m[36mbegin transaction[0m
  [1m[35m (0.3ms)[0m  [1m[35mCREATE TABLE "users" ("id" INTEGER PRIMARY KEY AUTOINCREMENT NOT NULL, "name" varchar, "email" varchar, "phone" varchar, "birthday" date, "created_at" datetime NOT NULL, "updated_at" datetime NOT NULL)[0m
  [1m[35mSQL (0.1ms)[0m  [1m[32mINSERT INTO "schema_migrations" ("version") VALUES (?)[0m  [["version", "20170315164256"]]
  [1m[35m (97.2ms)[0m  [1m[36mcommit transaction[0m
  [1m[36mActiveRecord::InternalMetadata Load (0.1ms)[0m  [1m[34mSELECT  "ar_internal_metadata".* FROM "ar_internal_metadata" WHERE "ar_internal_metadata"."key" = ? LIMIT ?[0m  [["key", :environment], ["LIMIT", 1]]
  [1m[35m (0.0ms)[0m  [1m[36mbegin transaction[0m
  [1m[35mSQL (0.2ms)[0m  [1m[32mINSERT INTO "ar_internal_metadata" ("key", "value", "created_at", "updated_at") VALUES (?, ?, ?, ?)[0m  [["key", "environment"], ["value", "development"], ["created_at", 2017-03-15 16:43:08 UTC], ["updated_at", 2017-03-15 16:43:08 UTC]]
  [1m[35m (94.6ms)[0m  [1m[36mcommit transaction[0m
  [1m[36mActiveRecord::SchemaMigration Load (0.1ms)[0m  [1m[34mSELECT "schema_migrations".* FROM "schema_migrations"[0m
  [1m[36mUser Load (0.1ms)[0m  [1m[34mSELECT  "users".* FROM "users" ORDER BY "users"."id" ASC LIMIT ?[0m  [["LIMIT", 1]]
  [1m[36mUser Load (0.4ms)[0m  [1m[34mSELECT  "users".* FROM "users" ORDER BY "users"."id" ASC LIMIT ?[0m  [["LIMIT", 1]]
  [1m[35m (0.2ms)[0m  [1m[36mbegin transaction[0m
  [1m[35m (0.2ms)[0m  [1m[31mrollback transaction[0m
  [1m[36mUser Load (0.2ms)[0m  [1m[34mSELECT  "users".* FROM "users" ORDER BY "users"."id" ASC LIMIT ?[0m  [["LIMIT", 1]]
  [1m[35m (0.2ms)[0m  [1m[36mbegin transaction[0m
  [1m[35m (0.1ms)[0m  [1m[31mrollback transaction[0m
  [1m[35m (0.2ms)[0m  [1m[36mbegin transaction[0m
  [1m[35m (0.1ms)[0m  [1m[31mrollback transaction[0m
  [1m[35m (0.2ms)[0m  [1m[36mbegin transaction[0m
  [1m[35mSQL (0.7ms)[0m  [1m[32mINSERT INTO "users" ("name", "email", "phone", "birthday", "created_at", "updated_at") VALUES (?, ?, ?, ?, ?, ?)[0m  [["name", "Ex11111111"], ["email", "Ex@mail"], ["phone", "0345678911"], ["birthday", Tue, 22 Oct 1996], ["created_at", 2017-03-15 16:55:38 UTC], ["updated_at", 2017-03-15 16:55:38 UTC]]
  [1m[35m (99.5ms)[0m  [1m[36mcommit transaction[0m
  [1m[36mUser Load (0.1ms)[0m  [1m[34mSELECT  "users".* FROM "users" ORDER BY "users"."id" ASC LIMIT ?[0m  [["LIMIT", 1]]
  [1m[35m (0.2ms)[0m  [1m[36mbegin transaction[0m
  [1m[35mSQL (0.5ms)[0m  [1m[33mUPDATE "users" SET "birthday" = ?, "updated_at" = ? WHERE "users"."id" = ?[0m  [["birthday", Tue, 22 Nov 2011], ["updated_at", 2017-03-15 17:01:11 UTC], ["id", 1]]
  [1m[35m (103.6ms)[0m  [1m[36mcommit transaction[0m
  [1m[36mUser Load (0.2ms)[0m  [1m[34mSELECT  "users".* FROM "users" ORDER BY "users"."id" ASC LIMIT ?[0m  [["LIMIT", 1]]
  [1m[35m (0.2ms)[0m  [1m[36mbegin transaction[0m
  [1m[35mSQL (0.6ms)[0m  [1m[33mUPDATE "users" SET "birthday" = ?, "updated_at" = ? WHERE "users"."id" = ?[0m  [["birthday", Thu, 22 Nov 2012], ["updated_at", 2017-03-15 17:01:28 UTC], ["id", 1]]
  [1m[35m (90.0ms)[0m  [1m[36mcommit transaction[0m
  [1m[35m (0.5ms)[0m  [1m[36mbegin transaction[0m
  [1m[35m (0.1ms)[0m  [1m[36mcommit transaction[0m
  [1m[35m (0.2ms)[0m  [1m[36mbegin transaction[0m
  [1m[35mSQL (0.7ms)[0m  [1m[33mUPDATE "users" SET "birthday" = ?, "updated_at" = ? WHERE "users"."id" = ?[0m  [["birthday", Wed, 22 Nov 2017], ["updated_at", 2017-03-15 17:05:00 UTC], ["id", 1]]
  [1m[35m (94.2ms)[0m  [1m[36mcommit transaction[0m
  [1m[35m (0.1ms)[0m  [1m[36mbegin transaction[0m
  [1m[35mSQL (0.5ms)[0m  [1m[33mUPDATE "users" SET "birthday" = ?, "updated_at" = ? WHERE "users"."id" = ?[0m  [["birthday", Mon, 22 Nov 2010], ["updated_at", 2017-03-15 17:05:03 UTC], ["id", 1]]
  [1m[35m (76.9ms)[0m  [1m[36mcommit transaction[0m
  [1m[35m (0.1ms)[0m  [1m[36mbegin transaction[0m
  [1m[35mSQL (0.5ms)[0m  [1m[33mUPDATE "users" SET "birthday" = ?, "updated_at" = ? WHERE "users"."id" = ?[0m  [["birthday", Wed, 22 Nov 1922], ["updated_at", 2017-03-15 17:05:08 UTC], ["id", 1]]
  [1m[35m (105.2ms)[0m  [1m[36mcommit transaction[0m
  [1m[35m (0.2ms)[0m  [1m[36mbegin transaction[0m
  [1m[35mSQL (0.6ms)[0m  [1m[33mUPDATE "users" SET "birthday" = ?, "updated_at" = ? WHERE "users"."id" = ?[0m  [["birthday", Thu, 22 Nov 1928], ["updated_at", 2017-03-15 17:05:13 UTC], ["id", 1]]
  [1m[35m (103.4ms)[0m  [1m[36mcommit transaction[0m
  [1m[35m (0.5ms)[0m  [1m[36mbegin transaction[0m
  [1m[35m (0.2ms)[0m  [1m[36mcommit transaction[0m
  [1m[35m (0.2ms)[0m  [1m[36mbegin transaction[0m
  [1m[35mSQL (0.6ms)[0m  [1m[33mUPDATE "users" SET "birthday" = ?, "updated_at" = ? WHERE "users"."id" = ?[0m  [["birthday", Tue, 22 Nov 1927], ["updated_at", 2017-03-15 17:06:15 UTC], ["id", 1]]
  [1m[35m (101.0ms)[0m  [1m[36mcommit transaction[0m
  [1m[35m (0.1ms)[0m  [1m[36mbegin transaction[0m
  [1m[35mSQL (0.5ms)[0m  [1m[33mUPDATE "users" SET "birthday" = ?, "updated_at" = ? WHERE "users"."id" = ?[0m  [["birthday", Mon, 22 Nov 2010], ["updated_at", 2017-03-15 17:06:20 UTC], ["id", 1]]
  [1m[35m (99.2ms)[0m  [1m[36mcommit transaction[0m
  [1m[35m (0.2ms)[0m  [1m[36mbegin transaction[0m
  [1m[35mSQL (0.7ms)[0m  [1m[33mUPDATE "users" SET "birthday" = ?, "updated_at" = ? WHERE "users"."id" = ?[0m  [["birthday", Thu, 22 Nov 2012], ["updated_at", 2017-03-15 17:06:23 UTC], ["id", 1]]
  [1m[35m (98.6ms)[0m  [1m[36mcommit transaction[0m
  [1m[35m (0.5ms)[0m  [1m[36mbegin transaction[0m
  [1m[35m (0.2ms)[0m  [1m[36mcommit transaction[0m
  [1m[35m (0.2ms)[0m  [1m[36mbegin transaction[0m
  [1m[35mSQL (0.5ms)[0m  [1m[33mUPDATE "users" SET "birthday" = ?, "updated_at" = ? WHERE "users"."id" = ?[0m  [["birthday", Tue, 22 Nov 2011], ["updated_at", 2017-03-15 17:09:29 UTC], ["id", 1]]
  [1m[35m (90.1ms)[0m  [1m[36mcommit transaction[0m
  [1m[35m (0.5ms)[0m  [1m[36mbegin transaction[0m
  [1m[35m (0.1ms)[0m  [1m[36mcommit transaction[0m
  [1m[35m (0.2ms)[0m  [1m[36mbegin transaction[0m
  [1m[35mSQL (0.6ms)[0m  [1m[33mUPDATE "users" SET "birthday" = ?, "updated_at" = ? WHERE "users"."id" = ?[0m  [["birthday", Thu, 22 Nov 2012], ["updated_at", 2017-03-15 17:10:28 UTC], ["id", 1]]
  [1m[35m (103.2ms)[0m  [1m[36mcommit transaction[0m
  [1m[35m (0.5ms)[0m  [1m[36mbegin transaction[0m
  [1m[35m (0.1ms)[0m  [1m[36mcommit transaction[0m
  [1m[35m (0.2ms)[0m  [1m[36mbegin transaction[0m
  [1m[35mSQL (0.6ms)[0m  [1m[33mUPDATE "users" SET "birthday" = ?, "updated_at" = ? WHERE "users"."id" = ?[0m  [["birthday", Tue, 22 Nov 2011], ["updated_at", 2017-03-15 17:12:09 UTC], ["id", 1]]
  [1m[35m (94.7ms)[0m  [1m[36mcommit transaction[0m
  [1m[35m (0.2ms)[0m  [1m[36mbegin transaction[0m
  [1m[35mSQL (0.5ms)[0m  [1m[33mUPDATE "users" SET "birthday" = ?, "updated_at" = ? WHERE "users"."id" = ?[0m  [["birthday", Thu, 22 Nov 2001], ["updated_at", 2017-03-15 17:12:14 UTC], ["id", 1]]
  [1m[35m (105.5ms)[0m  [1m[36mcommit transaction[0m
  [1m[35m (0.2ms)[0m  [1m[36mbegin transaction[0m
  [1m[35mSQL (0.5ms)[0m  [1m[33mUPDATE "users" SET "birthday" = ?, "updated_at" = ? WHERE "users"."id" = ?[0m  [["birthday", Wed, 22 Nov 1911], ["updated_at", 2017-03-15 17:12:20 UTC], ["id", 1]]
  [1m[35m (95.8ms)[0m  [1m[36mcommit transaction[0m
  [1m[36mUser Load (0.1ms)[0m  [1m[34mSELECT  "users".* FROM "users" ORDER BY "users"."id" ASC LIMIT ?[0m  [["LIMIT", 1]]
  [1m[35m (0.6ms)[0m  [1m[36mbegin transaction[0m
  [1m[35m (0.1ms)[0m  [1m[36mcommit transaction[0m
  [1m[35m (0.2ms)[0m  [1m[36mbegin transaction[0m
  [1m[35mSQL (0.5ms)[0m  [1m[33mUPDATE "users" SET "birthday" = ?, "updated_at" = ? WHERE "users"."id" = ?[0m  [["birthday", Thu, 22 Nov 2012], ["updated_at", 2017-03-15 17:13:55 UTC], ["id", 1]]
  [1m[35m (102.6ms)[0m  [1m[36mcommit transaction[0m
  [1m[35m (0.5ms)[0m  [1m[36mbegin transaction[0m
  [1m[35m (0.1ms)[0m  [1m[36mcommit transaction[0m
  [1m[35m (0.2ms)[0m  [1m[36mbegin transaction[0m
  [1m[35mSQL (0.2ms)[0m  [1m[33mUPDATE "users" SET "birthday" = ?, "updated_at" = ? WHERE "users"."id" = ?[0m  [["birthday", Tue, 22 Nov 2011], ["updated_at", 2017-03-15 17:17:37 UTC], ["id", 1]]
  [1m[35m (97.0ms)[0m  [1m[36mcommit transaction[0m
  [1m[35m (0.2ms)[0m  [1m[36mbegin transaction[0m
  [1m[35mSQL (0.5ms)[0m  [1m[33mUPDATE "users" SET "birthday" = ?, "updated_at" = ? WHERE "users"."id" = ?[0m  [["birthday", Mon, 22 Nov 2010], ["updated_at", 2017-03-15 17:17:41 UTC], ["id", 1]]
  [1m[35m (97.9ms)[0m  [1m[36mcommit transaction[0m
  [1m[35m (0.5ms)[0m  [1m[36mbegin transaction[0m
  [1m[35m (0.1ms)[0m  [1m[36mcommit transaction[0m
  [1m[35m (0.2ms)[0m  [1m[36mbegin transaction[0m
  [1m[35mSQL (0.4ms)[0m  [1m[33mUPDATE "users" SET "birthday" = ?, "updated_at" = ? WHERE "users"."id" = ?[0m  [["birthday", Tue, 22 Nov 2011], ["updated_at", 2017-03-15 17:18:57 UTC], ["id", 1]]
  [1m[35m (96.2ms)[0m  [1m[36mcommit transaction[0m
  [1m[35m (0.2ms)[0m  [1m[36mbegin transaction[0m
  [1m[35mSQL (0.4ms)[0m  [1m[33mUPDATE "users" SET "birthday" = ?, "updated_at" = ? WHERE "users"."id" = ?[0m  [["birthday", Wed, 22 Nov 1911], ["updated_at", 2017-03-15 17:19:06 UTC], ["id", 1]]
  [1m[35m (127.0ms)[0m  [1m[36mcommit transaction[0m
  [1m[35m (0.2ms)[0m  [1m[36mbegin transaction[0m
  [1m[35m (0.1ms)[0m  [1m[31mrollback transaction[0m
  [1m[35m (0.2ms)[0m  [1m[36mbegin transaction[0m
  [1m[35m (0.2ms)[0m  [1m[31mrollback transaction[0m
  [1m[35m (0.2ms)[0m  [1m[36mbegin transaction[0m
  [1m[35m (0.2ms)[0m  [1m[31mrollback transaction[0m
  [1m[35m (0.2ms)[0m  [1m[36mbegin transaction[0m
  [1m[35mSQL (0.5ms)[0m  [1m[33mUPDATE "users" SET "phone" = ?, "updated_at" = ? WHERE "users"."id" = ?[0m  [["phone", "0234567891"], ["updated_at", 2017-03-15 17:20:27 UTC], ["id", 1]]
  [1m[35m (118.1ms)[0m  [1m[36mcommit transaction[0m
  [1m[35m (0.6ms)[0m  [1m[36mbegin transaction[0m
  [1m[35m (0.2ms)[0m  [1m[36mcommit transaction[0m
  [1m[35m (0.2ms)[0m  [1m[36mbegin transaction[0m
  [1m[35mSQL (0.6ms)[0m  [1m[33mUPDATE "users" SET "birthday" = ?, "updated_at" = ? WHERE "users"."id" = ?[0m  [["birthday", Tue, 22 Nov 1921], ["updated_at", 2017-03-15 17:21:07 UTC], ["id", 1]]
  [1m[35m (122.7ms)[0m  [1m[36mcommit transaction[0m
  [1m[35m (0.2ms)[0m  [1m[36mbegin transaction[0m
  [1m[35mSQL (0.5ms)[0m  [1m[33mUPDATE "users" SET "birthday" = ?, "updated_at" = ? WHERE "users"."id" = ?[0m  [["birthday", Tue, 22 Nov 2016], ["updated_at", 2017-03-15 17:21:15 UTC], ["id", 1]]
  [1m[35m (98.3ms)[0m  [1m[36mcommit transaction[0m
  [1m[35m (0.5ms)[0m  [1m[36mbegin transaction[0m
  [1m[35mSQL (0.5ms)[0m  [1m[33mUPDATE "users" SET "birthday" = ?, "updated_at" = ? WHERE "users"."id" = ?[0m  [["birthday", Tue, 22 Nov 1921], ["updated_at", 2017-03-15 17:23:48 UTC], ["id", 1]]
  [1m[35m (82.9ms)[0m  [1m[36mcommit transaction[0m
  [1m[35m (0.2ms)[0m  [1m[36mbegin transaction[0m
  [1m[35mSQL (0.5ms)[0m  [1m[33mUPDATE "users" SET "birthday" = ?, "updated_at" = ? WHERE "users"."id" = ?[0m  [["birthday", Tue, 22 Nov 2016], ["updated_at", 2017-03-15 17:23:50 UTC], ["id", 1]]
  [1m[35m (87.1ms)[0m  [1m[36mcommit transaction[0m
  [1m[35m (0.6ms)[0m  [1m[36mbegin transaction[0m
  [1m[35m (0.1ms)[0m  [1m[36mcommit transaction[0m
  [1m[35m (0.2ms)[0m  [1m[36mbegin transaction[0m
  [1m[35mSQL (0.5ms)[0m  [1m[33mUPDATE "users" SET "birthday" = ?, "updated_at" = ? WHERE "users"."id" = ?[0m  [["birthday", Thu, 22 Nov 2012], ["updated_at", 2017-03-15 17:24:33 UTC], ["id", 1]]
  [1m[35m (97.5ms)[0m  [1m[36mcommit transaction[0m
  [1m[35m (0.5ms)[0m  [1m[36mbegin transaction[0m
  [1m[35mSQL (0.5ms)[0m  [1m[33mUPDATE "users" SET "birthday" = ?, "updated_at" = ? WHERE "users"."id" = ?[0m  [["birthday", Tue, 22 Nov 2016], ["updated_at", 2017-03-15 17:24:55 UTC], ["id", 1]]
  [1m[35m (103.7ms)[0m  [1m[36mcommit transaction[0m
  [1m[35m (0.2ms)[0m  [1m[36mbegin transaction[0m
  [1m[35m (0.1ms)[0m  [1m[36mcommit transaction[0m
  [1m[35m (0.5ms)[0m  [1m[36mbegin transaction[0m
  [1m[35mSQL (0.5ms)[0m  [1m[33mUPDATE "users" SET "birthday" = ?, "updated_at" = ? WHERE "users"."id" = ?[0m  [["birthday", Thu, 22 Nov 2012], ["updated_at", 2017-03-15 17:27:30 UTC], ["id", 1]]
  [1m[35m (96.1ms)[0m  [1m[36mcommit transaction[0m
  [1m[35m (0.5ms)[0m  [1m[36mbegin transaction[0m
  [1m[35m (0.1ms)[0m  [1m[36mcommit transaction[0m
  [1m[35m (0.2ms)[0m  [1m[36mbegin transaction[0m
  [1m[35mSQL (0.8ms)[0m  [1m[33mUPDATE "users" SET "birthday" = ?, "updated_at" = ? WHERE "users"."id" = ?[0m  [["birthday", Tue, 22 Nov 2016], ["updated_at", 2017-03-15 17:28:31 UTC], ["id", 1]]
  [1m[35m (95.1ms)[0m  [1m[36mcommit transaction[0m
  [1m[36mUser Load (0.5ms)[0m  [1m[34mSELECT  "users".* FROM "users" ORDER BY "users"."id" ASC LIMIT ? OFFSET ?[0m  [["LIMIT", 1], ["OFFSET", 1]]
  [1m[36mUser Load (0.4ms)[0m  [1m[34mSELECT  "users".* FROM "users" ORDER BY "users"."id" ASC LIMIT ?[0m  [["LIMIT", 1]]
  [1m[36mUser Load (0.2ms)[0m  [1m[34mSELECT  "users".* FROM "users" ORDER BY "users"."id" ASC LIMIT ? OFFSET ?[0m  [["LIMIT", 1], ["OFFSET", 1]]
  [1m[35m (0.2ms)[0m  [1m[36mbegin transaction[0m
  [1m[35m (0.1ms)[0m  [1m[31mrollback transaction[0m
  [1m[35m (0.2ms)[0m  [1m[36mbegin transaction[0m
  [1m[35mSQL (0.6ms)[0m  [1m[32mINSERT INTO "users" ("name", "email", "phone", "birthday", "created_at", "updated_at") VALUES (?, ?, ?, ?, ?, ?)[0m  [["name", "Ex12345678"], ["email", "Ex@mail"], ["phone", "0888812342"], ["birthday", Mon, 22 Nov 2010], ["created_at", 2017-03-15 17:32:29 UTC], ["updated_at", 2017-03-15 17:32:29 UTC]]
  [1m[35m (129.5ms)[0m  [1m[36mcommit transaction[0m
  [1m[35m (0.2ms)[0m  [1m[36mbegin transaction[0m
  [1m[35m (0.1ms)[0m  [1m[31mrollback transaction[0m
  [1m[35m (0.2ms)[0m  [1m[36mbegin transaction[0m
  [1m[35m (0.1ms)[0m  [1m[36mcommit transaction[0m
  [1m[36mUser Load (0.2ms)[0m  [1m[34mSELECT  "users".* FROM "users" ORDER BY "users"."id" ASC LIMIT ? OFFSET ?[0m  [["LIMIT", 1], ["OFFSET", 1]]
Started GET "/" for 127.0.0.1 at 2017-03-17 12:39:17 +0700
Processing by StaticPagesController#home as HTML
  Rendering static_pages/home.html.erb within layouts/application
  Rendered static_pages/home.html.erb within layouts/application (23.3ms)
  Rendered layouts/_shim.html.erb (0.4ms)
  Rendered layouts/_header.html.erb (1.6ms)
Completed 200 OK in 4399ms (Views: 4359.4ms | ActiveRecord: 0.0ms)


Started GET "/" for 127.0.0.1 at 2017-03-17 12:39:38 +0700
Processing by StaticPagesController#home as HTML
  Rendering static_pages/home.html.erb within layouts/application
  Rendered static_pages/home.html.erb within layouts/application (0.7ms)
  Rendered layouts/_shim.html.erb (0.5ms)
  Rendered layouts/_header.html.erb (1.1ms)
Completed 200 OK in 53ms (Views: 51.1ms | ActiveRecord: 0.0ms)


