Started GET "/" for 127.0.0.1 at 2017-03-15 22:07:29 +0700
Processing by Rails::WelcomeController#index as HTML
  Parameters: {"internal"=>true}
  Rendering /home/hungbui/.rbenv/versions/2.4.0/lib/ruby/gems/2.4.0/gems/railties-5.0.2/lib/rails/templates/rails/welcome/index.html.erb
  Rendered /home/hungbui/.rbenv/versions/2.4.0/lib/ruby/gems/2.4.0/gems/railties-5.0.2/lib/rails/templates/rails/welcome/index.html.erb (9.2ms)
Completed 200 OK in 41ms (Views: 16.0ms | ActiveRecord: 0.0ms)


Started GET "/" for 127.0.0.1 at 2017-03-15 22:16:29 +0700
Processing by StaticPagesController#home as HTML
  Rendering static_pages/home.html.erb within layouts/application
  Rendered static_pages/home.html.erb within layouts/application (1.4ms)
Completed 500 Internal Server Error in 14ms (ActiveRecord: 0.0ms)


  
SyntaxError (/home/hungbui/ruby/StaticPages/app/views/layouts/application.html.erb:7: syntax error, unexpected ':', expecting =>
  “data-turbolinks-track”: “reload” );@output_buffer
                              ^
/home/hungbui/ruby/StaticPages/app/views/layouts/application.html.erb:8: syntax error, unexpected ':', expecting ')'
, “data-turbolinks-track”: “reload” );@output_buffer
                              ^):
  
app/views/layouts/application.html.erb:7: syntax error, unexpected ':', expecting =>
app/views/layouts/application.html.erb:8: syntax error, unexpected ':', expecting ')'
  Rendering /home/hungbui/.rbenv/versions/2.4.0/lib/ruby/gems/2.4.0/gems/actionpack-5.0.2/lib/action_dispatch/middleware/templates/rescues/diagnostics.html.erb within rescues/layout
  Rendering /home/hungbui/.rbenv/versions/2.4.0/lib/ruby/gems/2.4.0/gems/actionpack-5.0.2/lib/action_dispatch/middleware/templates/rescues/_source.html.erb
  Rendered /home/hungbui/.rbenv/versions/2.4.0/lib/ruby/gems/2.4.0/gems/actionpack-5.0.2/lib/action_dispatch/middleware/templates/rescues/_source.html.erb (3.8ms)
  Rendering /home/hungbui/.rbenv/versions/2.4.0/lib/ruby/gems/2.4.0/gems/actionpack-5.0.2/lib/action_dispatch/middleware/templates/rescues/_trace.html.erb
  Rendered /home/hungbui/.rbenv/versions/2.4.0/lib/ruby/gems/2.4.0/gems/actionpack-5.0.2/lib/action_dispatch/middleware/templates/rescues/_trace.html.erb (2.7ms)
  Rendering /home/hungbui/.rbenv/versions/2.4.0/lib/ruby/gems/2.4.0/gems/actionpack-5.0.2/lib/action_dispatch/middleware/templates/rescues/_request_and_response.html.erb
  Rendered /home/hungbui/.rbenv/versions/2.4.0/lib/ruby/gems/2.4.0/gems/actionpack-5.0.2/lib/action_dispatch/middleware/templates/rescues/_request_and_response.html.erb (0.6ms)
  Rendered /home/hungbui/.rbenv/versions/2.4.0/lib/ruby/gems/2.4.0/gems/actionpack-5.0.2/lib/action_dispatch/middleware/templates/rescues/diagnostics.html.erb within rescues/layout (39.1ms)
Started GET "/" for 127.0.0.1 at 2017-03-15 22:18:19 +0700
Processing by StaticPagesController#home as HTML
  Rendering static_pages/home.html.erb within layouts/application
  Rendered static_pages/home.html.erb within layouts/application (1.0ms)
Completed 500 Internal Server Error in 13ms (ActiveRecord: 0.0ms)


  
SyntaxError (/home/hungbui/ruby/StaticPages/app/views/layouts/application.html.erb:5: syntax error, unexpected '<', expecting ')'
        <nav>
         ^
/home/hungbui/ruby/StaticPages/app/views/layouts/application.html.erb:7: syntax error, unexpected '<'
            <li>'.freeze;@output_buffer.app
             ^
/home/hungbui/ruby/StaticPages/app/views/layouts/application.html.erb:8: unknown regexp option - l
/home/hungbui/ruby/StaticPages/app/views/layouts/application.html.erb:9: syntax error, unexpected '<'
            <li>'.freeze;@output_buffer.app
             ^
/home/hungbui/ruby/StaticPages/app/views/layouts/application.html.erb:10: unknown regexp option - l
/home/hungbui/ruby/StaticPages/app/views/layouts/application.html.erb:11: syntax error, unexpected '<'
        </nav>
         ^
/home/hungbui/ruby/StaticPages/app/views/layouts/application.html.erb:12: unknown regexp options - dv
/home/hungbui/ruby/StaticPages/app/views/layouts/application.html.erb:13: syntax error, unexpected '<'
    </header>
     ^
/home/hungbui/ruby/StaticPages/app/views/layouts/application.html.erb:16: unknown regexp options - dv
/home/hungbui/ruby/StaticPages/app/views/layouts/application.html.erb:17: syntax error, unexpected '<'
  </body>'.freeze;@output_buffer.
   ^
/home/hungbui/ruby/StaticPages/app/views/layouts/application.html.erb:17: unterminated regexp meets end of file):
  
app/views/layouts/application.html.erb:5: syntax error, unexpected '<', expecting ')'
app/views/layouts/application.html.erb:7: syntax error, unexpected '<'
app/views/layouts/application.html.erb:8: unknown regexp option - l
app/views/layouts/application.html.erb:9: syntax error, unexpected '<'
app/views/layouts/application.html.erb:10: unknown regexp option - l
app/views/layouts/application.html.erb:11: syntax error, unexpected '<'
app/views/layouts/application.html.erb:12: unknown regexp options - dv
app/views/layouts/application.html.erb:13: syntax error, unexpected '<'
app/views/layouts/application.html.erb:16: unknown regexp options - dv
app/views/layouts/application.html.erb:17: syntax error, unexpected '<'
app/views/layouts/application.html.erb:17: unterminated regexp meets end of file
  Rendering /home/hungbui/.rbenv/versions/2.4.0/lib/ruby/gems/2.4.0/gems/actionpack-5.0.2/lib/action_dispatch/middleware/templates/rescues/diagnostics.html.erb within rescues/layout
  Rendering /home/hungbui/.rbenv/versions/2.4.0/lib/ruby/gems/2.4.0/gems/actionpack-5.0.2/lib/action_dispatch/middleware/templates/rescues/_source.html.erb
  Rendered /home/hungbui/.rbenv/versions/2.4.0/lib/ruby/gems/2.4.0/gems/actionpack-5.0.2/lib/action_dispatch/middleware/templates/rescues/_source.html.erb (4.2ms)
  Rendering /home/hungbui/.rbenv/versions/2.4.0/lib/ruby/gems/2.4.0/gems/actionpack-5.0.2/lib/action_dispatch/middleware/templates/rescues/_trace.html.erb
  Rendered /home/hungbui/.rbenv/versions/2.4.0/lib/ruby/gems/2.4.0/gems/actionpack-5.0.2/lib/action_dispatch/middleware/templates/rescues/_trace.html.erb (1.6ms)
  Rendering /home/hungbui/.rbenv/versions/2.4.0/lib/ruby/gems/2.4.0/gems/actionpack-5.0.2/lib/action_dispatch/middleware/templates/rescues/_request_and_response.html.erb
  Rendered /home/hungbui/.rbenv/versions/2.4.0/lib/ruby/gems/2.4.0/gems/actionpack-5.0.2/lib/action_dispatch/middleware/templates/rescues/_request_and_response.html.erb (0.7ms)
  Rendered /home/hungbui/.rbenv/versions/2.4.0/lib/ruby/gems/2.4.0/gems/actionpack-5.0.2/lib/action_dispatch/middleware/templates/rescues/diagnostics.html.erb within rescues/layout (23.9ms)
Started GET "/" for 127.0.0.1 at 2017-03-15 22:19:40 +0700
Processing by StaticPagesController#home as HTML
  Rendering static_pages/home.html.erb within layouts/application
  Rendered static_pages/home.html.erb within layouts/application (0.7ms)
Completed 500 Internal Server Error in 12ms (ActiveRecord: 0.0ms)


  
SyntaxError (/home/hungbui/ruby/StaticPages/app/views/layouts/application.html.erb:6: syntax error, unexpected ':', expecting =>
  “data-turbolinks-track”: “reload” );@output_buffer
                              ^
/home/hungbui/ruby/StaticPages/app/views/layouts/application.html.erb:7: syntax error, unexpected ':', expecting ')'
, “data-turbolinks-track”: “reload” );@output_buffer
                              ^):
  
app/views/layouts/application.html.erb:6: syntax error, unexpected ':', expecting =>
app/views/layouts/application.html.erb:7: syntax error, unexpected ':', expecting ')'
  Rendering /home/hungbui/.rbenv/versions/2.4.0/lib/ruby/gems/2.4.0/gems/actionpack-5.0.2/lib/action_dispatch/middleware/templates/rescues/diagnostics.html.erb within rescues/layout
  Rendering /home/hungbui/.rbenv/versions/2.4.0/lib/ruby/gems/2.4.0/gems/actionpack-5.0.2/lib/action_dispatch/middleware/templates/rescues/_source.html.erb
  Rendered /home/hungbui/.rbenv/versions/2.4.0/lib/ruby/gems/2.4.0/gems/actionpack-5.0.2/lib/action_dispatch/middleware/templates/rescues/_source.html.erb (3.5ms)
  Rendering /home/hungbui/.rbenv/versions/2.4.0/lib/ruby/gems/2.4.0/gems/actionpack-5.0.2/lib/action_dispatch/middleware/templates/rescues/_trace.html.erb
  Rendered /home/hungbui/.rbenv/versions/2.4.0/lib/ruby/gems/2.4.0/gems/actionpack-5.0.2/lib/action_dispatch/middleware/templates/rescues/_trace.html.erb (1.5ms)
  Rendering /home/hungbui/.rbenv/versions/2.4.0/lib/ruby/gems/2.4.0/gems/actionpack-5.0.2/lib/action_dispatch/middleware/templates/rescues/_request_and_response.html.erb
  Rendered /home/hungbui/.rbenv/versions/2.4.0/lib/ruby/gems/2.4.0/gems/actionpack-5.0.2/lib/action_dispatch/middleware/templates/rescues/_request_and_response.html.erb (0.5ms)
  Rendered /home/hungbui/.rbenv/versions/2.4.0/lib/ruby/gems/2.4.0/gems/actionpack-5.0.2/lib/action_dispatch/middleware/templates/rescues/diagnostics.html.erb within rescues/layout (21.2ms)
Started GET "/" for 127.0.0.1 at 2017-03-15 22:23:30 +0700
Processing by StaticPagesController#home as HTML
  Rendering static_pages/home.html.erb within layouts/application
  Rendered static_pages/home.html.erb within layouts/application (0.7ms)
Completed 500 Internal Server Error in 11ms (ActiveRecord: 0.0ms)


Started GET "/" for 127.0.0.1 at 2017-03-15 22:23:31 +0700
Processing by StaticPagesController#home as HTML
  Rendering static_pages/home.html.erb within layouts/application
  Rendered static_pages/home.html.erb within layouts/application (0.5ms)
Completed 500 Internal Server Error in 5ms (ActiveRecord: 0.0ms)


Started GET "/" for 127.0.0.1 at 2017-03-15 22:23:31 +0700
Processing by StaticPagesController#home as HTML
  Rendering static_pages/home.html.erb within layouts/application
  Rendered static_pages/home.html.erb within layouts/application (0.2ms)
Completed 500 Internal Server Error in 2ms (ActiveRecord: 0.0ms)


Started GET "/" for 127.0.0.1 at 2017-03-15 22:25:39 +0700
Processing by StaticPagesController#home as HTML
  Rendering static_pages/home.html.erb within layouts/application
  Rendered static_pages/home.html.erb within layouts/application (1.0ms)
Completed 500 Internal Server Error in 140ms (ActiveRecord: 0.0ms)


  
ActionView::Template::Error (File to import not found or unreadable: bootstrap-sprockets.
Load paths:
  /home/hungbui/ruby/StaticPages/app/assets/config
  /home/hungbui/ruby/StaticPages/app/assets/images
  /home/hungbui/ruby/StaticPages/app/assets/javascripts
  /home/hungbui/ruby/StaticPages/app/assets/stylesheets
  /home/hungbui/ruby/StaticPages/vendor/assets/javascripts
  /home/hungbui/ruby/StaticPages/vendor/assets/stylesheets
  /home/hungbui/.rbenv/versions/2.4.0/lib/ruby/gems/2.4.0/gems/jquery-rails-4.2.2/vendor/assets/javascripts
  /home/hungbui/.rbenv/versions/2.4.0/lib/ruby/gems/2.4.0/gems/coffee-rails-4.2.1/lib/assets/javascripts
  /home/hungbui/.rbenv/versions/2.4.0/lib/ruby/gems/2.4.0/gems/actioncable-5.0.2/lib/assets/compiled
  /home/hungbui/.rbenv/versions/2.4.0/lib/ruby/gems/2.4.0/gems/turbolinks-source-5.0.0/lib/assets/javascripts):
    4:     <title>Blogs</title>
    5:     <%= csrf_meta_tags %>
    6: 
    7:     <%= stylesheet_link_tag    'application', media: 'all', 'data-turbolinks-track': 'reload' %>
    8:     <%= javascript_include_tag 'application', 'data-turbolinks-track': 'reload' %>
    9:   </head>
   10: 
  
app/assets/stylesheets/custom.scss:1
app/views/layouts/application.html.erb:7:in `_app_views_layouts_application_html_erb__1838033826848272273_47336939223560'
  Rendering /home/hungbui/.rbenv/versions/2.4.0/lib/ruby/gems/2.4.0/gems/actionpack-5.0.2/lib/action_dispatch/middleware/templates/rescues/template_error.html.erb within rescues/layout
  Rendering /home/hungbui/.rbenv/versions/2.4.0/lib/ruby/gems/2.4.0/gems/actionpack-5.0.2/lib/action_dispatch/middleware/templates/rescues/_source.html.erb
  Rendered /home/hungbui/.rbenv/versions/2.4.0/lib/ruby/gems/2.4.0/gems/actionpack-5.0.2/lib/action_dispatch/middleware/templates/rescues/_source.html.erb (5.3ms)
  Rendering /home/hungbui/.rbenv/versions/2.4.0/lib/ruby/gems/2.4.0/gems/actionpack-5.0.2/lib/action_dispatch/middleware/templates/rescues/_trace.html.erb
  Rendered /home/hungbui/.rbenv/versions/2.4.0/lib/ruby/gems/2.4.0/gems/actionpack-5.0.2/lib/action_dispatch/middleware/templates/rescues/_trace.html.erb (2.1ms)
  Rendering /home/hungbui/.rbenv/versions/2.4.0/lib/ruby/gems/2.4.0/gems/actionpack-5.0.2/lib/action_dispatch/middleware/templates/rescues/_request_and_response.html.erb
  Rendered /home/hungbui/.rbenv/versions/2.4.0/lib/ruby/gems/2.4.0/gems/actionpack-5.0.2/lib/action_dispatch/middleware/templates/rescues/_request_and_response.html.erb (0.6ms)
  Rendered /home/hungbui/.rbenv/versions/2.4.0/lib/ruby/gems/2.4.0/gems/actionpack-5.0.2/lib/action_dispatch/middleware/templates/rescues/template_error.html.erb within rescues/layout (22.6ms)
Started GET "/" for 127.0.0.1 at 2017-03-15 22:31:33 +0700
Processing by StaticPagesController#home as HTML
  Rendering static_pages/home.html.erb within layouts/application
  Rendered static_pages/home.html.erb within layouts/application (0.8ms)
Completed 200 OK in 811ms (Views: 804.3ms | ActiveRecord: 0.0ms)


